This is pdfTeX, Version 3.14159265-2.6-1.40.17 (MiKTeX 2.9) (preloaded format=pdflatex 2016.9.14)  18 FEB 2019 10:11
entering extended mode
**./temporalCores.tex
(temporalCores.tex
LaTeX2e <2016/03/31> patch level 3
Babel <3.9r> and hyphenation patterns for 75 language(s) loaded.
("C:\Program Files (x86)\MiKTeX 2.9\tex\latex\base\article.cls"
Document Class: article 2014/09/29 v1.4h Standard LaTeX document class
("C:\Program Files (x86)\MiKTeX 2.9\tex\latex\base\size10.clo"
File: size10.clo 2014/09/29 v1.4h Standard LaTeX file (size option)
)
\c@part=\count79
\c@section=\count80
\c@subsection=\count81
\c@subsubsection=\count82
\c@paragraph=\count83
\c@subparagraph=\count84
\c@figure=\count85
\c@table=\count86
\abovecaptionskip=\skip41
\belowcaptionskip=\skip42
\bibindent=\dimen102
)
("C:\Program Files (x86)\MiKTeX 2.9\tex\generic\babel\babel.sty"
Package: babel 2016/04/23 3.9r The Babel package

*************************************
* Local config file bblopts.cfg used
*
("C:\Program Files (x86)\MiKTeX 2.9\tex\latex\arabi\bblopts.cfg"
File: bblopts.cfg 2005/09/08 v0.1 add Arabic and Farsi to "declared" options of
 babel
)
("C:\Program Files (x86)\MiKTeX 2.9\tex\latex\babel-english\english.ldf"
Language: english 2012/08/20 v3.3p English support from the babel system

("C:\Program Files (x86)\MiKTeX 2.9\tex\generic\babel\babel.def"
File: babel.def 2016/04/23 3.9r Babel common definitions
\babel@savecnt=\count87
\U@D=\dimen103
)
\l@canadian = a dialect from \language\l@american 
\l@australian = a dialect from \language\l@british 
\l@newzealand = a dialect from \language\l@british 
))
("C:\Program Files (x86)\MiKTeX 2.9\tex\latex\base\fontenc.sty"
Package: fontenc 2016/06/19 v1.99m Standard LaTeX package

("C:\Program Files (x86)\MiKTeX 2.9\tex\latex\base\t1enc.def"
File: t1enc.def 2016/06/19 v1.99m Standard LaTeX file
LaTeX Font Info:    Redeclaring font encoding T1 on input line 48.
))
("C:\Program Files (x86)\MiKTeX 2.9\tex\latex\base\inputenc.sty"
Package: inputenc 2015/03/17 v1.2c Input encoding file
\inpenc@prehook=\toks14
\inpenc@posthook=\toks15

("C:\Program Files (x86)\MiKTeX 2.9\tex\latex\base\ansinew.def"
File: ansinew.def 2015/03/17 v1.2c Input encoding file
))
("C:\Program Files (x86)\MiKTeX 2.9\tex\latex\lm\lmodern.sty"
Package: lmodern 2009/10/30 v1.6 Latin Modern Fonts
LaTeX Font Info:    Overwriting symbol font `operators' in version `normal'
(Font)                  OT1/cmr/m/n --> OT1/lmr/m/n on input line 22.
LaTeX Font Info:    Overwriting symbol font `letters' in version `normal'
(Font)                  OML/cmm/m/it --> OML/lmm/m/it on input line 23.
LaTeX Font Info:    Overwriting symbol font `symbols' in version `normal'
(Font)                  OMS/cmsy/m/n --> OMS/lmsy/m/n on input line 24.
LaTeX Font Info:    Overwriting symbol font `largesymbols' in version `normal'
(Font)                  OMX/cmex/m/n --> OMX/lmex/m/n on input line 25.
LaTeX Font Info:    Overwriting symbol font `operators' in version `bold'
(Font)                  OT1/cmr/bx/n --> OT1/lmr/bx/n on input line 26.
LaTeX Font Info:    Overwriting symbol font `letters' in version `bold'
(Font)                  OML/cmm/b/it --> OML/lmm/b/it on input line 27.
LaTeX Font Info:    Overwriting symbol font `symbols' in version `bold'
(Font)                  OMS/cmsy/b/n --> OMS/lmsy/b/n on input line 28.
LaTeX Font Info:    Overwriting symbol font `largesymbols' in version `bold'
(Font)                  OMX/cmex/m/n --> OMX/lmex/m/n on input line 29.
LaTeX Font Info:    Overwriting math alphabet `\mathbf' in version `normal'
(Font)                  OT1/cmr/bx/n --> OT1/lmr/bx/n on input line 31.
LaTeX Font Info:    Overwriting math alphabet `\mathsf' in version `normal'
(Font)                  OT1/cmss/m/n --> OT1/lmss/m/n on input line 32.
LaTeX Font Info:    Overwriting math alphabet `\mathit' in version `normal'
(Font)                  OT1/cmr/m/it --> OT1/lmr/m/it on input line 33.
LaTeX Font Info:    Overwriting math alphabet `\mathtt' in version `normal'
(Font)                  OT1/cmtt/m/n --> OT1/lmtt/m/n on input line 34.
LaTeX Font Info:    Overwriting math alphabet `\mathbf' in version `bold'
(Font)                  OT1/cmr/bx/n --> OT1/lmr/bx/n on input line 35.
LaTeX Font Info:    Overwriting math alphabet `\mathsf' in version `bold'
(Font)                  OT1/cmss/bx/n --> OT1/lmss/bx/n on input line 36.
LaTeX Font Info:    Overwriting math alphabet `\mathit' in version `bold'
(Font)                  OT1/cmr/bx/it --> OT1/lmr/bx/it on input line 37.
LaTeX Font Info:    Overwriting math alphabet `\mathtt' in version `bold'
(Font)                  OT1/cmtt/m/n --> OT1/lmtt/m/n on input line 38.
)
("C:\Program Files (x86)\MiKTeX 2.9\tex\latex\preprint\authblk.sty"
Package: authblk 2001/02/27 1.3 (PWD)
\affilsep=\skip43
\@affilsep=\skip44
\c@Maxaffil=\count88
\c@authors=\count89
\c@affil=\count90
)
("C:\Program Files (x86)\MiKTeX 2.9\tex\latex\tools\verbatim.sty"
Package: verbatim 2014/10/28 v1.5q LaTeX2e package for verbatim enhancements
\every@verbatim=\toks16
\verbatim@line=\toks17
\verbatim@in@stream=\read1
)
("C:\Program Files (x86)\MiKTeX 2.9\tex\latex\graphics\graphicx.sty"
Package: graphicx 2014/10/28 v1.0g Enhanced LaTeX Graphics (DPC,SPQR)

("C:\Program Files (x86)\MiKTeX 2.9\tex\latex\graphics\keyval.sty"
Package: keyval 2014/10/28 v1.15 key=value parser (DPC)
\KV@toks@=\toks18
)
("C:\Program Files (x86)\MiKTeX 2.9\tex\latex\graphics\graphics.sty"
Package: graphics 2016/07/10 v1.0t Standard LaTeX Graphics (DPC,SPQR)

("C:\Program Files (x86)\MiKTeX 2.9\tex\latex\graphics\trig.sty"
Package: trig 2016/01/03 v1.10 sin cos tan (DPC)
)
("C:\Program Files (x86)\MiKTeX 2.9\tex\latex\00miktex\graphics.cfg"
File: graphics.cfg 2016/06/04 v1.11 sample graphics configuration
)
Package graphics Info: Driver file: pdftex.def on input line 99.

("C:\Program Files (x86)\MiKTeX 2.9\tex\latex\graphics-def\pdftex.def"
File: pdftex.def 2016/07/10 v0.06j Graphics/color for pdfTeX

("C:\Program Files (x86)\MiKTeX 2.9\tex\generic\oberdiek\infwarerr.sty"
Package: infwarerr 2016/05/16 v1.4 Providing info/warning/error messages (HO)
)
("C:\Program Files (x86)\MiKTeX 2.9\tex\generic\oberdiek\ltxcmds.sty"
Package: ltxcmds 2016/05/16 v1.23 LaTeX kernel commands for general use (HO)
)
\Gread@gobject=\count91
))
\Gin@req@height=\dimen104
\Gin@req@width=\dimen105
)
("C:\Program Files (x86)\MiKTeX 2.9\tex\latex\amsmath\amsmath.sty"
Package: amsmath 2016/06/28 v2.15d AMS math features
\@mathmargin=\skip45

For additional information on amsmath, use the `?' option.
("C:\Program Files (x86)\MiKTeX 2.9\tex\latex\amsmath\amstext.sty"
Package: amstext 2000/06/29 v2.01 AMS text

("C:\Program Files (x86)\MiKTeX 2.9\tex\latex\amsmath\amsgen.sty"
File: amsgen.sty 1999/11/30 v2.0 generic functions
\@emptytoks=\toks19
\ex@=\dimen106
))
("C:\Program Files (x86)\MiKTeX 2.9\tex\latex\amsmath\amsbsy.sty"
Package: amsbsy 1999/11/29 v1.2d Bold Symbols
\pmbraise@=\dimen107
)
("C:\Program Files (x86)\MiKTeX 2.9\tex\latex\amsmath\amsopn.sty"
Package: amsopn 2016/03/08 v2.02 operator names
)
\inf@bad=\count92
LaTeX Info: Redefining \frac on input line 199.
\uproot@=\count93
\leftroot@=\count94
LaTeX Info: Redefining \overline on input line 297.
\classnum@=\count95
\DOTSCASE@=\count96
LaTeX Info: Redefining \ldots on input line 394.
LaTeX Info: Redefining \dots on input line 397.
LaTeX Info: Redefining \cdots on input line 518.
\Mathstrutbox@=\box26
\strutbox@=\box27
\big@size=\dimen108
LaTeX Font Info:    Redeclaring font encoding OML on input line 634.
LaTeX Font Info:    Redeclaring font encoding OMS on input line 635.
\macc@depth=\count97
\c@MaxMatrixCols=\count98
\dotsspace@=\muskip10
\c@parentequation=\count99
\dspbrk@lvl=\count100
\tag@help=\toks20
\row@=\count101
\column@=\count102
\maxfields@=\count103
\andhelp@=\toks21
\eqnshift@=\dimen109
\alignsep@=\dimen110
\tagshift@=\dimen111
\tagwidth@=\dimen112
\totwidth@=\dimen113
\lineht@=\dimen114
\@envbody=\toks22
\multlinegap=\skip46
\multlinetaggap=\skip47
\mathdisplay@stack=\toks23
LaTeX Info: Redefining \[ on input line 2739.
LaTeX Info: Redefining \] on input line 2740.
)
("C:\Program Files (x86)\MiKTeX 2.9\tex\latex\amscls\amsthm.sty"
Package: amsthm 2015/03/04 v2.20.2
\thm@style=\toks24
\thm@bodyfont=\toks25
\thm@headfont=\toks26
\thm@notefont=\toks27
\thm@headpunct=\toks28
\thm@preskip=\skip48
\thm@postskip=\skip49
\thm@headsep=\skip50
\dth@everypar=\toks29
)
("C:\Program Files (x86)\MiKTeX 2.9\tex\latex\amsfonts\amsfonts.sty"
Package: amsfonts 2013/01/14 v3.01 Basic AMSFonts support
\symAMSa=\mathgroup4
\symAMSb=\mathgroup5
LaTeX Font Info:    Overwriting math alphabet `\mathfrak' in version `bold'
(Font)                  U/euf/m/n --> U/euf/b/n on input line 106.
)
("C:\Program Files (x86)\MiKTeX 2.9\tex\latex\listings\listings.sty"
\lst@mode=\count104
\lst@gtempboxa=\box28
\lst@token=\toks30
\lst@length=\count105
\lst@currlwidth=\dimen115
\lst@column=\count106
\lst@pos=\count107
\lst@lostspace=\dimen116
\lst@width=\dimen117
\lst@newlines=\count108
\lst@lineno=\count109
\lst@maxwidth=\dimen118

("C:\Program Files (x86)\MiKTeX 2.9\tex\latex\listings\lstmisc.sty"
File: lstmisc.sty 2015/06/04 1.6 (Carsten Heinz)
\c@lstnumber=\count110
\lst@skipnumbers=\count111
\lst@framebox=\box29
)
("C:\Program Files (x86)\MiKTeX 2.9\tex\latex\listings\listings.cfg"
File: listings.cfg 2015/06/04 1.6 listings configuration
))
Package: listings 2015/06/04 1.6 (Carsten Heinz)

("C:\Program Files (x86)\MiKTeX 2.9\tex\latex\tools\longtable.sty"
Package: longtable 2014/10/28 v4.11 Multi-page Table package (DPC)
\LTleft=\skip51
\LTright=\skip52
\LTpre=\skip53
\LTpost=\skip54
\LTchunksize=\count112
\LTcapwidth=\dimen119
\LT@head=\box30
\LT@firsthead=\box31
\LT@foot=\box32
\LT@lastfoot=\box33
\LT@cols=\count113
\LT@rows=\count114
\c@LT@tables=\count115
\c@LT@chunks=\count116
\LT@p@ftn=\toks31
)
(temporalCores.aux

LaTeX Warning: Label `reuterscore3' multiply defined.


LaTeX Warning: Label `reuterscore20' multiply defined.


LaTeX Warning: Label `reuterscore20' multiply defined.


LaTeX Warning: Label `stemcellcore20' multiply defined.


LaTeX Warning: Label `stemcellcore20' multiply defined.


LaTeX Warning: Label `stemcellpscore25' multiply defined.


LaTeX Warning: Label `stemcellpscore25' multiply defined.


LaTeX Warning: Label `violencecore2' multiply defined.

)
\openout1 = `temporalCores.aux'.

LaTeX Font Info:    Checking defaults for OML/cmm/m/it on input line 50.
LaTeX Font Info:    ... okay on input line 50.
LaTeX Font Info:    Checking defaults for T1/cmr/m/n on input line 50.
LaTeX Font Info:    ... okay on input line 50.
LaTeX Font Info:    Checking defaults for OT1/cmr/m/n on input line 50.
LaTeX Font Info:    ... okay on input line 50.
LaTeX Font Info:    Checking defaults for OMS/cmsy/m/n on input line 50.
LaTeX Font Info:    ... okay on input line 50.
LaTeX Font Info:    Checking defaults for OMX/cmex/m/n on input line 50.
LaTeX Font Info:    ... okay on input line 50.
LaTeX Font Info:    Checking defaults for U/cmr/m/n on input line 50.
LaTeX Font Info:    ... okay on input line 50.
LaTeX Font Info:    Try loading font information for T1+lmr on input line 50.
 ("C:\Program Files (x86)\MiKTeX 2.9\tex\latex\lm\t1lmr.fd"
File: t1lmr.fd 2009/10/30 v1.6 Font defs for Latin Modern
)
("C:\Program Files (x86)\MiKTeX 2.9\tex\context\base\supp-pdf.mkii"
[Loading MPS to PDF converter (version 2006.09.02).]
\scratchcounter=\count117
\scratchdimen=\dimen120
\scratchbox=\box34
\nofMPsegments=\count118
\nofMParguments=\count119
\everyMPshowfont=\toks32
\MPscratchCnt=\count120
\MPscratchDim=\dimen121
\MPnumerator=\count121
\makeMPintoPDFobject=\count122
\everyMPtoPDFconversion=\toks33
) ("C:\Program Files (x86)\MiKTeX 2.9\tex\generic\oberdiek\pdftexcmds.sty"
Package: pdftexcmds 2016/05/21 v0.22 Utility functions of pdfTeX for LuaTeX (HO
)

("C:\Program Files (x86)\MiKTeX 2.9\tex\generic\oberdiek\ifluatex.sty"
Package: ifluatex 2016/05/16 v1.4 Provides the ifluatex switch (HO)
Package ifluatex Info: LuaTeX not detected.
)
("C:\Program Files (x86)\MiKTeX 2.9\tex\generic\oberdiek\ifpdf.sty"
Package: ifpdf 2016/05/14 v3.1 Provides the ifpdf switch
)
Package pdftexcmds Info: LuaTeX not detected.
Package pdftexcmds Info: \pdf@primitive is available.
Package pdftexcmds Info: \pdf@ifprimitive is available.
Package pdftexcmds Info: \pdfdraftmode found.
)
("C:\Program Files (x86)\MiKTeX 2.9\tex\latex\oberdiek\epstopdf-base.sty"
Package: epstopdf-base 2016/05/15 v2.6 Base part for package epstopdf

("C:\Program Files (x86)\MiKTeX 2.9\tex\latex\oberdiek\grfext.sty"
Package: grfext 2016/05/16 v1.2 Manage graphics extensions (HO)

("C:\Program Files (x86)\MiKTeX 2.9\tex\generic\oberdiek\kvdefinekeys.sty"
Package: kvdefinekeys 2016/05/16 v1.4 Define keys (HO)
))
("C:\Program Files (x86)\MiKTeX 2.9\tex\latex\oberdiek\kvoptions.sty"
Package: kvoptions 2016/05/16 v3.12 Key value format for package options (HO)

("C:\Program Files (x86)\MiKTeX 2.9\tex\generic\oberdiek\kvsetkeys.sty"
Package: kvsetkeys 2016/05/16 v1.17 Key value parser (HO)

("C:\Program Files (x86)\MiKTeX 2.9\tex\generic\oberdiek\etexcmds.sty"
Package: etexcmds 2016/05/16 v1.6 Avoid name clashes with e-TeX commands (HO)
Package etexcmds Info: Could not find \expanded.
(etexcmds)             That can mean that you are not using pdfTeX 1.50 or
(etexcmds)             that some package has redefined \expanded.
(etexcmds)             In the latter case, load this package earlier.
)))
Package epstopdf-base Info: Redefining graphics rule for `.eps' on input line 4
38.
Package grfext Info: Graphics extension search list:
(grfext)             [.png,.pdf,.jpg,.mps,.jpeg,.jbig2,.jb2,.PNG,.PDF,.JPG,.JPE
G,.JBIG2,.JB2,.eps]
(grfext)             \AppendGraphicsExtensions on input line 456.
)
\c@lstlisting=\count123
LaTeX Font Info:    Try loading font information for OT1+lmr on input line 76.

("C:\Program Files (x86)\MiKTeX 2.9\tex\latex\lm\ot1lmr.fd"
File: ot1lmr.fd 2009/10/30 v1.6 Font defs for Latin Modern
)
LaTeX Font Info:    Try loading font information for OML+lmm on input line 76.

("C:\Program Files (x86)\MiKTeX 2.9\tex\latex\lm\omllmm.fd"
File: omllmm.fd 2009/10/30 v1.6 Font defs for Latin Modern
)
LaTeX Font Info:    Try loading font information for OMS+lmsy on input line 76.


("C:\Program Files (x86)\MiKTeX 2.9\tex\latex\lm\omslmsy.fd"
File: omslmsy.fd 2009/10/30 v1.6 Font defs for Latin Modern
)
LaTeX Font Info:    Try loading font information for OMX+lmex on input line 76.


("C:\Program Files (x86)\MiKTeX 2.9\tex\latex\lm\omxlmex.fd"
File: omxlmex.fd 2009/10/30 v1.6 Font defs for Latin Modern
)
LaTeX Font Info:    External font `lmex10' loaded for size
(Font)              <9> on input line 76.
LaTeX Font Info:    External font `lmex10' loaded for size
(Font)              <6> on input line 76.
LaTeX Font Info:    External font `lmex10' loaded for size
(Font)              <5> on input line 76.
LaTeX Font Info:    Try loading font information for U+msa on input line 76.

("C:\Program Files (x86)\MiKTeX 2.9\tex\latex\amsfonts\umsa.fd"
File: umsa.fd 2013/01/14 v3.01 AMS symbols A
)
LaTeX Font Info:    Try loading font information for U+msb on input line 76.

("C:\Program Files (x86)\MiKTeX 2.9\tex\latex\amsfonts\umsb.fd"
File: umsb.fd 2013/01/14 v3.01 AMS symbols B
) [1

{C:/ProgramData/MiKTeX/2.9/pdftex/config/pdftex.map}]
LaTeX Font Info:    External font `lmex10' loaded for size
(Font)              <10> on input line 107.
LaTeX Font Info:    External font `lmex10' loaded for size
(Font)              <7> on input line 107.
LaTeX Font Info:    External font `lmex10' loaded for size
(Font)              <8> on input line 107.
 [2]
<./pics/kcore.pdf, id=27, 603.25375pt x 464.73625pt>
File: ./pics/kcore.pdf Graphic file (type pdf)
 <use ./pics/kcore.pdf>
Package pdftex.def Info: ./pics/kcore.pdf used on input line 149.
(pdftex.def)             Requested size: 345.0pt x 265.78172pt.
LaTeX Font Info:    Try loading font information for OMS+lmr on input line 162.


("C:\Program Files (x86)\MiKTeX 2.9\tex\latex\lm\omslmr.fd"
File: omslmr.fd 2009/10/30 v1.6 Font defs for Latin Modern
)
LaTeX Font Info:    Font shape `OMS/lmr/m/n' in size <10> not available
(Font)              Font shape `OMS/lmsy/m/n' tried instead on input line 162.
 [3 <./pics/kcore.pdf>] <./pics/Fig5.png, id=34, 499.26524pt x 492.6405pt>
File: ./pics/Fig5.png Graphic file (type png)
 <use ./pics/Fig5.png>
Package pdftex.def Info: ./pics/Fig5.png used on input line 189.
(pdftex.def)             Requested size: 241.49895pt x 238.29892pt.


LaTeX Warning: `!h' float specifier changed to `!ht'.

[4] <./pics/a-page-001.jpg, id=44, 439.4016pt x 304.4976pt>
File: ./pics/a-page-001.jpg Graphic file (type jpg)

<use ./pics/a-page-001.jpg>
Package pdftex.def Info: ./pics/a-page-001.jpg used on input line 211.
(pdftex.def)             Requested size: 155.24895pt x 107.58398pt.

<./pics/b-page-001.jpg, id=45, 441.8106pt x 305.943pt>
File: ./pics/b-page-001.jpg Graphic file (type jpg)

<use ./pics/b-page-001.jpg>
Package pdftex.def Info: ./pics/b-page-001.jpg used on input line 212.
(pdftex.def)             Requested size: 155.24895pt x 107.50645pt.

<./pics/sum-page-001.jpg, id=46, 439.8834pt x 304.4976pt>
File: ./pics/sum-page-001.jpg Graphic file (type jpg)

<use ./pics/sum-page-001.jpg>
Package pdftex.def Info: ./pics/sum-page-001.jpg used on input line 214.
(pdftex.def)             Requested size: 155.24895pt x 107.46783pt.

<./pics/pro-page-001.jpg, id=47, 436.5108pt x 302.0886pt>
File: ./pics/pro-page-001.jpg Graphic file (type jpg)

<use ./pics/pro-page-001.jpg>
Package pdftex.def Info: ./pics/pro-page-001.jpg used on input line 215.
(pdftex.def)             Requested size: 155.24895pt x 107.4427pt.
 [5 <./pics/Fig5.png> <./pics/a-page-001.jpg> <./pics/b-page-001.jpg> <./pics/s
um-page-001.jpg> <./pics/pro-page-001.jpg>]
("C:\Program Files (x86)\MiKTeX 2.9\tex\latex\listings\lstlang1.sty"
File: lstlang1.sty 2015/06/04 1.6 listings language file
) [6]
Overfull \hbox (7.78117pt too wide) in paragraph at lines 266--267
[][][][][][][][][][][][][][][][][][][][][][][][][][] 
 []


Overfull \hbox (6.44792pt too wide) in paragraph at lines 268--269
[][][][][][][][][][][][][][][][][][][][][][][] 
 []


Underfull \vbox (badness 10000) has occurred while \output is active []

 [7]
File: ./pics/Fig5.png Graphic file (type png)

<use ./pics/Fig5.png>
Package pdftex.def Info: ./pics/Fig5.png used on input line 307.
(pdftex.def)             Requested size: 241.49895pt x 238.29892pt.
 [8]
<./pics/connWeight.pdf, id=62, 518.03162pt x 500.45166pt>
File: ./pics/connWeight.pdf Graphic file (type pdf)

<use ./pics/connWeight.pdf>
Package pdftex.def Info: ./pics/connWeight.pdf used on input line 350.
(pdftex.def)             Requested size: 241.49895pt x 233.30324pt.


LaTeX Warning: `!h' float specifier changed to `!ht'.


Overfull \hbox (34.39743pt too wide) in paragraph at lines 359--377
 [][] 
 []

[9]
Overfull \hbox (2.57689pt too wide) in paragraph at lines 397--397
[]|\T1/lmr/bx/n/10 Node| 
 []


Overfull \hbox (24.0pt too wide) in alignment at lines 394--398
 [] [] 
 []


Overfull \hbox (24.0pt too wide) in alignment at lines 398--418
 [] [] 
 []

[10 <./pics/connWeight.pdf>]
Overfull \hbox (2.57689pt too wide) in paragraph at lines 426--426
[]|\T1/lmr/bx/n/10 Node| 
 []


Overfull \hbox (24.0pt too wide) in alignment at lines 423--427
 [] [] 
 []


Overfull \hbox (24.0pt too wide) in alignment at lines 427--446
 [] [] 
 []


Overfull \hbox (36.0pt too wide) in alignment at lines 453--457
 [] [] [] 
 []


Overfull \hbox (1.79768pt too wide) in paragraph at lines 469--469
[]|\T1/lmr/m/n/10 world_trade_ctr| 
 []


Overfull \hbox (36.0pt too wide) in alignment at lines 457--478
 [] [] [] 
 []


Overfull \hbox (36.0pt too wide) in alignment at lines 478--498
 [] [] [] 
 []


Overfull \hbox (36.0pt too wide) in alignment at lines 498--501
 [] [] [] 
 []

[11]
Overfull \hbox (36.0pt too wide) in alignment at lines 507--511
 [] [] [] 
 []


Overfull \hbox (36.0pt too wide) in alignment at lines 511--532
 [] [] [] 
 []


Overfull \hbox (36.0pt too wide) in alignment at lines 532--552
 [] [] [] 
 []

[12]
Overfull \hbox (36.0pt too wide) in alignment at lines 552--557
 [] [] [] 
 []

[13] <./pics/terrorMaxPSCore.png, id=81, 881.54344pt x 595.47469pt>
File: ./pics/terrorMaxPSCore.png Graphic file (type png)

<use ./pics/terrorMaxPSCore.png>
Package pdftex.def Info: ./pics/terrorMaxPSCore.png used on input line 563.
(pdftex.def)             Requested size: 345.0pt x 233.04286pt.

Overfull \hbox (83.64pt too wide) in alignment at lines 578--582
 [] [] [] 
 []


Overfull \hbox (83.64pt too wide) in alignment at lines 582--603
 [] [] [] 
 []


Overfull \hbox (83.64pt too wide) in alignment at lines 603--623
 [] [] [] 
 []

[14 <./pics/terrorMaxPSCore.png>]
Overfull \hbox (83.64pt too wide) in alignment at lines 623--643
 [] [] [] 
 []


Overfull \hbox (83.64pt too wide) in alignment at lines 643--663
 [] [] [] 
 []

[15]
Overfull \hbox (83.64pt too wide) in alignment at lines 663--673
 [] [] [] 
 []

<./pics/StemCellMaxCore.png, id=89, 871.00406pt x 595.47469pt>
File: ./pics/StemCellMaxCore.png Graphic file (type png)

<use ./pics/StemCellMaxCore.png>
Package pdftex.def Info: ./pics/StemCellMaxCore.png used on input line 680.
(pdftex.def)             Requested size: 345.0pt x 235.85957pt.


LaTeX Warning: `!h' float specifier changed to `!ht'.

[16]
Overfull \hbox (21.59724pt too wide) in alignment at lines 688--692
 [] [] [] 
 []


Overfull \hbox (21.59724pt too wide) in alignment at lines 692--713
 [] [] [] 
 []


Overfull \hbox (21.59724pt too wide) in alignment at lines 713--733
 [] [] [] 
 []

[17 <./pics/StemCellMaxCore.png>]
Overfull \hbox (21.59724pt too wide) in alignment at lines 733--753
 [] [] [] 
 []


Overfull \hbox (21.59724pt too wide) in alignment at lines 753--773
 [] [] [] 
 []

[18]
Overfull \hbox (21.59724pt too wide) in alignment at lines 773--782
 [] [] [] 
 []

[19] <./pics/maxPsCore.png, id=104, 881.54344pt x 595.47469pt>
File: ./pics/maxPsCore.png Graphic file (type png)

<use ./pics/maxPsCore.png>
Package pdftex.def Info: ./pics/maxPsCore.png used on input line 789.
(pdftex.def)             Requested size: 345.0pt x 233.04286pt.
 [20 <./pics/maxPsCore.png>]
Overfull \hbox (16.3249pt too wide) in alignment at lines 822--826
 [] [] [] 
 []


Overfull \hbox (16.3249pt too wide) in alignment at lines 826--849
 [] [] [] 
 []

[21]
Overfull \hbox (1.04321pt too wide) in alignment at lines 855--859
 [] [] [] 
 []


Overfull \hbox (1.04321pt too wide) in alignment at lines 859--872
 [] [] [] 
 []


Underfull \vbox (badness 10000) has occurred while \output is active []

 [22]
(temporalCores.bbl) [23] (temporalCores.aux)

LaTeX Warning: There were multiply-defined labels.

 ) 
Here is how much of TeX's memory you used:
 5252 strings out of 493334
 69557 string characters out of 3136675
 175524 words of memory out of 3000000
 8641 multiletter control sequences out of 15000+200000
 87878 words of font info for 65 fonts, out of 3000000 for 9000
 1141 hyphenation exceptions out of 8191
 40i,8n,42p,995b,1216s stack positions out of 5000i,500n,10000p,200000b,50000s
{C:/Program Files (x86)/MiKTeX 2.9/fonts/enc/dvips/lm/lm-ec.enc}{C:/Program F
iles (x86)/MiKTeX 2.9/fonts/enc/dvips/lm/lm-rm.enc}{C:/Program Files (x86)/MiKT
eX 2.9/fonts/enc/dvips/lm/lm-mathsy.enc}{C:/Program Files (x86)/MiKTeX 2.9/font
s/enc/dvips/lm/lm-mathex.enc}{C:/Program Files (x86)/MiKTeX 2.9/fonts/enc/dvips
/lm/lm-mathit.enc}<C:/Program Files (x86)/MiKTeX 2.9/fonts/type1/public/lm/lmbx
10.pfb><C:/Program Files (x86)/MiKTeX 2.9/fonts/type1/public/lm/lmbx12.pfb><C:/
Program Files (x86)/MiKTeX 2.9/fonts/type1/public/lm/lmbx7.pfb><C:/Program File
s (x86)/MiKTeX 2.9/fonts/type1/public/lm/lmbx9.pfb><C:/Program Files (x86)/MiKT
eX 2.9/fonts/type1/public/lm/lmex10.pfb><C:/Program Files (x86)/MiKTeX 2.9/font
s/type1/public/lm/lmmi10.pfb><C:/Program Files (x86)/MiKTeX 2.9/fonts/type1/pub
lic/lm/lmmi5.pfb><C:/Program Files (x86)/MiKTeX 2.9/fonts/type1/public/lm/lmmi6
.pfb><C:/Program Files (x86)/MiKTeX 2.9/fonts/type1/public/lm/lmmi7.pfb><C:/Pro
gram Files (x86)/MiKTeX 2.9/fonts/type1/public/lm/lmmi9.pfb><C:/Program Files (
x86)/MiKTeX 2.9/fonts/type1/public/lm/lmr10.pfb><C:/Program Files (x86)/MiKTeX 
2.9/fonts/type1/public/lm/lmr12.pfb><C:/Program Files (x86)/MiKTeX 2.9/fonts/ty
pe1/public/lm/lmr17.pfb><C:/Program Files (x86)/MiKTeX 2.9/fonts/type1/public/l
m/lmr5.pfb><C:/Program Files (x86)/MiKTeX 2.9/fonts/type1/public/lm/lmr6.pfb><C
:/Program Files (x86)/MiKTeX 2.9/fonts/type1/public/lm/lmr7.pfb><C:/Program Fil
es (x86)/MiKTeX 2.9/fonts/type1/public/lm/lmr8.pfb><C:/Program Files (x86)/MiKT
eX 2.9/fonts/type1/public/lm/lmr9.pfb><C:/Program Files (x86)/MiKTeX 2.9/fonts/
type1/public/lm/lmri10.pfb><C:/Program Files (x86)/MiKTeX 2.9/fonts/type1/publi
c/lm/lmri12.pfb><C:/Program Files (x86)/MiKTeX 2.9/fonts/type1/public/lm/lmsy10
.pfb><C:/Program Files (x86)/MiKTeX 2.9/fonts/type1/public/lm/lmsy5.pfb><C:/Pro
gram Files (x86)/MiKTeX 2.9/fonts/type1/public/lm/lmsy7.pfb><C:/Program Files (
x86)/MiKTeX 2.9/fonts/type1/public/amsfonts/symbols/msbm10.pfb>
Output written on temporalCores.pdf (23 pages, 731707 bytes).
PDF statistics:
 202 PDF objects out of 1000 (max. 8388607)
 0 named destinations out of 1000 (max. 500000)
 51 words of extra memory for PDF output out of 10000 (max. 10000000)

